...loading the human reference sequence for BWA
Loaded BED file '/home/jeremiahwala/git/svaba/tracks/hg38.blacklist.sorted.bed' (637 regions)
Loaded BED file '/home/jeremiahwala/git/svaba/tracks/hg38.extra_badlist.bed' (172 regions)
...loaded 808 blacklist regions across 2 files
...learning insert size distribution across all BAMs; this may take a while
......learning BAM: /mnt/wgs/austin/bostongene/patient_AM_normal.bam
......learning BAM: /mnt/wgs/austin/bostongene/patient_AM_tumor.bam
=====t001
patient_AM_tumor_rg1 - r=1000 s=0 u=0 qc=0 d=134 mu=0 MQ=52 RL=151 mIS=184.397 sdIS=70.5635
=====n001
patient_AM_normal_rg1 - r=1000 s=0 u=0 qc=0 d=121 mu=0 MQ=49 RL=151 mIS=220.494 sdIS=79.3451
... found max read length = 151; SGA minOverlap = 90; max MAPQ = 52
...seedLength = 90, readlen=151)

{
  "global": {
    "duplicate": false,
    "qcfail":   false
  },
  "": {
    "rules": [
      { "isize": 2000 },
      { "rr":    true },
      { "ff":    true },
      { "rf":    true },
      { "ic":    true },
      { "clip":  5, "length": 30 },
      { "ins":   true },
      { "del":   true },
      { "mapped":      true, "mate_mapped": false },
      { "mate_mapped": true, "mapped":      false },
      { "nm": [3, 0] }
    ,{"rg":"patient_AM_tumor_rg1","isize":[1014,0],"fr":true}
,{"rg":"patient_AM_normal_rg1","isize":[1153,0],"fr":true}
]
  }
}

----------ReadFilterCollection-------------
--Include Region: WHOLE GENOME
  Rule: isize:[2000,MAX] -- Flag OFF: duplicate,qcfail
  Rule: Flag ON: rr -- Flag OFF: duplicate,qcfail
  Rule: Flag ON: ff -- Flag OFF: duplicate,qcfail
  Rule: Flag ON: rf -- Flag OFF: duplicate,qcfail
  Rule: Flag ON: ic -- Flag OFF: duplicate,qcfail
  Rule: length:[30,MAX] -- clip:[5,MAX] -- Flag OFF: duplicate,qcfail
  Rule: ins:[1,MAX] -- Flag OFF: duplicate,qcfail
  Rule: del:[1,MAX] -- Flag OFF: duplicate,qcfail
  Rule: Flag ON: mapped -- Flag OFF: duplicate,qcfail,mate_mapped
  Rule: Flag ON: mate_mapped -- Flag OFF: duplicate,qcfail,mapped
  Rule: nm:NOT [0,3] -- Flag OFF: duplicate,qcfail
  Rule: Read Group: patient_AM_tumor_rg1 -- isize:NOT [0,1014] -- Flag ON: fr -- Flag OFF: duplicate,qcfail
  Rule: Read Group: patient_AM_normal_rg1 -- isize:NOT [0,1153] -- Flag ON: fr -- Flag OFF: duplicate,qcfail

------------------------------------------
...running on 126,656 chunks
Starting detection pipeline
...processing 1,000 of 126,656 for thread  4 for region 1:24,475,501-24,500,501(*)

...processing 2,000 of 126,656 for thread  7 for region 1:48,975,501-49,000,501(*)

...processing 3,000 of 126,656 for thread  3 for region 1:73,475,501-73,500,501(*)

...processing 4,000 of 126,656 for thread  2 for region 1:97,975,501-98,000,501(*)

...processing 5,000 of 126,656 for thread  6 for region 1:122,475,501-122,500,501(*)
...processing 6,000 of 126,656 for thread  2 for region 1:146,975,501-147,000,501(*)
...cutting off mate lookups for region 1:146,975,501-147,000,501(*) with too many mate regions of: 9

...processing 7,000 of 126,656 for thread  7 for region 1:171,475,501-171,500,501(*)

...processing 8,000 of 126,656 for thread  5 for region 1:195,975,501-196,000,501(*)
...processing 9,000 of 126,656 for thread  2 for region 1:220,475,501-220,500,501(*)

...processing 10,000 of 126,656 for thread  6 for region 1:244,975,501-245,000,501(*)

...processing 11,000 of 126,656 for thread  1 for region 2:20,506,501-20,531,501(*)

...processing 12,000 of 126,656 for thread  6 for region 2:45,006,501-45,031,501(*)

...processing 13,000 of 126,656 for thread  1 for region 2:69,506,501-69,531,501(*)

...cutting off mate lookups for region 2:88,837,001-88,862,001(*) with too many mate regions of: 10
...processing 14,000 of 126,656 for thread  3 for region 2:94,006,501-94,031,501(*)
...processing 15,000 of 126,656 for thread  7 for region 2:118,506,501-118,531,501(*)
...processing 16,000 of 126,656 for thread  5 for region 2:143,006,501-143,031,501(*)

...processing 17,000 of 126,656 for thread  5 for region 2:167,506,501-167,531,501(*)

...processing 18,000 of 126,656 for thread  2 for region 2:192,006,501-192,031,501(*)

...processing 19,000 of 126,656 for thread  7 for region 2:216,506,501-216,531,501(*)

...processing 20,000 of 126,656 for thread  2 for region 2:241,006,501-241,031,501(*)

...processing 21,000 of 126,656 for thread  3 for region 3:23,299,501-23,324,501(*)

...processing 22,000 of 126,656 for thread  5 for region 3:47,799,501-47,824,501(*)

...processing 23,000 of 126,656 for thread  5 for region 3:72,299,501-72,324,501(*)

...processing 24,000 of 126,656 for thread  5 for region 3:96,799,501-96,824,501(*)

...processing 25,000 of 126,656 for thread  3 for region 3:121,299,501-121,324,501(*)

...processing 26,000 of 126,656 for thread  7 for region 3:145,799,501-145,824,501(*)

...processing 27,000 of 126,656 for thread  1 for region 3:170,299,501-170,324,501(*)

...processing 28,000 of 126,656 for thread  1 for region 3:194,799,501-194,824,501(*)

...processing 29,000 of 126,656 for thread  4 for region 4:20,996,501-21,021,501(*)

...processing 30,000 of 126,656 for thread  1 for region 4:45,496,501-45,521,501(*)

...processing 31,000 of 126,656 for thread  4 for region 4:69,996,501-70,021,501(*)

...processing 32,000 of 126,656 for thread  5 for region 4:94,496,501-94,521,501(*)

...processing 33,000 of 126,656 for thread  1 for region 4:118,996,501-119,021,501(*)

...processing 34,000 of 126,656 for thread  4 for region 4:143,496,501-143,521,501(*)

...processing 35,000 of 126,656 for thread  6 for region 4:167,996,501-168,021,501(*)

...cutting off mate lookups for region 4:185,440,501-185,465,501(*) with too many mate regions of: 10
...cutting off mate lookups for region 4:185,440,501-185,465,501(*) with too many mate regions of: 11
...processing 36,000 of 126,656 for thread  6 for region 5:2,278,501-2,303,501(*)

...processing 37,000 of 126,656 for thread  4 for region 5:26,778,501-26,803,501(*)

...processing 38,000 of 126,656 for thread  3 for region 5:51,278,501-51,303,501(*)

...processing 39,000 of 126,656 for thread  4 for region 5:75,778,501-75,803,501(*)

...processing 40,000 of 126,656 for thread  4 for region 5:100,278,501-100,303,501(*)

...processing 41,000 of 126,656 for thread  3 for region 5:124,778,501-124,803,501(*)

...processing 42,000 of 126,656 for thread  6 for region 5:149,278,501-149,303,501(*)

...processing 43,000 of 126,656 for thread  5 for region 5:173,778,501-173,803,501(*)

...processing 44,000 of 126,656 for thread  4 for region 6:16,733,501-16,758,501(*)

...processing 45,000 of 126,656 for thread  1 for region 6:41,233,501-41,258,501(*)

...processing 46,000 of 126,656 for thread  2 for region 6:65,758,001-65,783,001(*)

...processing 47,000 of 126,656 for thread  2 for region 6:90,258,001-90,283,001(*)

...processing 48,000 of 126,656 for thread  1 for region 6:114,758,001-114,783,001(*)

...processing 49,000 of 126,656 for thread  7 for region 6:139,258,001-139,283,001(*)

...processing 50,000 of 126,656 for thread  3 for region 6:163,758,001-163,783,001(*)


...processing 51,000 of 126,656 for thread  1 for region 7:17,444,001-17,469,001(*)

...cutting off mate lookups for region 7:38,244,501-38,269,501(*) with too many mate regions of: 7
...processing 52,000 of 126,656 for thread  1 for region 7:41,944,001-41,969,001(*)

...processing 53,000 of 126,656 for thread  3 for region 7:66,444,001-66,469,001(*)

...processing 54,000 of 126,656 for thread  5 for region 7:90,944,001-90,969,001(*)

...processing 55,000 of 126,656 for thread  1 for region 7:115,444,001-115,469,001(*)
...processing 56,000 of 126,656 for thread  4 for region 7:139,944,001-139,969,001(*)

...cutting off mate lookups for region 7:142,345,001-142,370,001(*) with too many mate regions of: 7
...cutting off mate lookups for region 7:142,443,001-142,468,001(*) with too many mate regions of: 10
...cutting off mate lookups for region 7:142,443,001-142,468,001(*) with too many mate regions of: 9
...cutting off mate lookups for region 7:142,467,501-142,492,501(*) with too many mate regions of: 9
...cutting off mate lookups for region 7:142,492,001-142,517,001(*) with too many mate regions of: 11
...cutting off mate lookups for region 7:142,492,001-142,517,001(*) with too many mate regions of: 10
...cutting off mate lookups for region 7:142,761,501-142,786,501(*) with too many mate regions of: 8
...cutting off mate lookups for region 7:142,761,501-142,786,501(*) with too many mate regions of: 8
...processing 57,000 of 126,656 for thread  6 for region 8:5,096,001-5,121,001(*)

...processing 58,000 of 126,656 for thread  2 for region 8:29,596,001-29,621,001(*)
...processing 59,000 of 126,656 for thread  1 for region 8:54,096,001-54,121,001(*)

...processing 60,000 of 126,656 for thread  6 for region 8:78,596,001-78,621,001(*)

...processing 61,000 of 126,656 for thread  3 for region 8:103,096,001-103,121,001(*)

...processing 62,000 of 126,656 for thread  3 for region 8:127,596,001-127,621,001(*)

...processing 63,000 of 126,656 for thread  6 for region 9:6,933,501-6,958,501(*)

...processing 64,000 of 126,656 for thread  1 for region 9:31,433,501-31,458,501(*)
...processing 65,000 of 126,656 for thread  2 for region 9:55,933,501-55,958,501(*)
...processing 66,000 of 126,656 for thread  3 for region 9:80,433,501-80,458,501(*)

...cutting off mate lookups for region 9:97,902,001-97,927,001(*) with too many mate regions of: 7
...cutting off mate lookups for region 9:97,902,001-97,927,001(*) with too many mate regions of: 7
...processing 67,000 of 126,656 for thread  3 for region 9:104,933,501-104,958,501(*)

...processing 68,000 of 126,656 for thread  2 for region 9:129,433,501-129,458,501(*)

...processing 69,000 of 126,656 for thread  1 for region 10:15,533,001-15,558,001(*)

...processing 70,000 of 126,656 for thread  2 for region 10:40,033,001-40,058,001(*)
...processing 71,000 of 126,656 for thread  6 for region 10:64,533,001-64,558,001(*)
...processing 72,000 of 126,656 for thread  7 for region 10:89,033,001-89,058,001(*)

...processing 73,000 of 126,656 for thread  2 for region 10:113,533,001-113,558,001(*)

...processing 74,000 of 126,656 for thread  4 for region 11:4,214,001-4,239,001(*)

...processing 75,000 of 126,656 for thread  3 for region 11:28,714,001-28,739,001(*)

...processing 76,000 of 126,656 for thread  2 for region 11:53,214,001-53,239,001(*)
...processing 77,000 of 126,656 for thread  2 for region 11:77,714,001-77,739,001(*)

...processing 78,000 of 126,656 for thread  7 for region 11:102,214,001-102,239,001(*)

...processing 79,000 of 126,656 for thread  1 for region 11:126,714,001-126,739,001(*)

...processing 80,000 of 126,656 for thread  6 for region 12:16,121,001-16,146,001(*)

...processing 81,000 of 126,656 for thread  5 for region 12:40,621,001-40,646,001(*)

...processing 82,000 of 126,656 for thread  5 for region 12:65,121,001-65,146,001(*)

...cutting off mate lookups for region 12:66,052,001-66,077,001(*) with too many mate regions of: 52
...cutting off mate lookups for region 12:66,052,001-66,077,001(*) with too many mate regions of: 130
...processing 83,000 of 126,656 for thread  6 for region 12:89,621,001-89,646,001(*)

...processing 84,000 of 126,656 for thread  6 for region 12:114,121,001-114,146,001(*)

...processing 85,000 of 126,656 for thread  6 for region 13:5,341,001-5,366,001(*)
...processing 86,000 of 126,656 for thread  1 for region 13:29,841,001-29,866,001(*)

...processing 87,000 of 126,656 for thread  1 for region 13:54,341,001-54,366,001(*)

...processing 88,000 of 126,656 for thread  3 for region 13:78,841,001-78,866,001(*)
...processing 89,000 of 126,656 for thread  7 for region 13:103,341,001-103,366,001(*)

...processing 90,000 of 126,656 for thread  2 for region 14:13,475,001-13,500,001(*)
...processing 91,000 of 126,656 for thread  1 for region 14:37,975,001-38,000,001(*)

...processing 92,000 of 126,656 for thread  5 for region 14:62,475,001-62,500,001(*)

...processing 93,000 of 126,656 for thread  5 for region 14:86,975,001-87,000,001(*)
...processing 94,000 of 126,656 for thread  6 for region 15:4,410,001-4,435,001(*)
...processing 95,000 of 126,656 for thread  7 for region 15:28,910,001-28,935,001(*)

...processing 96,000 of 126,656 for thread  2 for region 15:53,410,001-53,435,001(*)

...processing 97,000 of 126,656 for thread  5 for region 15:77,910,001-77,935,001(*)

...processing 98,000 of 126,656 for thread  3 for region 16:416,501-441,501(*)

...cutting off mate lookups for region 16:14,871,501-14,896,501(*) with too many mate regions of: 11
...processing 99,000 of 126,656 for thread  1 for region 16:24,916,501-24,941,501(*)

...processing 100,000 of 126,656 for thread  2 for region 16:49,416,501-49,441,501(*)

...processing 101,000 of 126,656 for thread  4 for region 16:73,916,501-73,941,501(*)

...processing 102,000 of 126,656 for thread  3 for region 17:8,060,501-8,085,501(*)

...processing 103,000 of 126,656 for thread  7 for region 17:32,560,501-32,585,501(*)

...processing 104,000 of 126,656 for thread  1 for region 17:57,060,501-57,085,501(*)

...processing 105,000 of 126,656 for thread  7 for region 17:81,560,501-81,585,501(*)

...processing 106,000 of 126,656 for thread  3 for region 18:22,785,001-22,810,001(*)
...processing 107,000 of 126,656 for thread  7 for region 18:47,285,001-47,310,001(*)

...processing 108,000 of 126,656 for thread  3 for region 18:71,785,001-71,810,001(*)

...cutting off mate lookups for region 19:8,869,001-8,894,001(*) with too many mate regions of: 7
...cutting off mate lookups for region 19:8,893,501-8,918,501(*) with too many mate regions of: 7
...processing 109,000 of 126,656 for thread  1 for region 19:15,900,501-15,925,501(*)

...processing 110,000 of 126,656 for thread  7 for region 19:40,400,501-40,425,501(*)

...cutting off mate lookups for region 19:52,601,501-52,626,501(*) with too many mate regions of: 7
...cutting off mate lookups for region 19:52,871,001-52,896,001(*) with too many mate regions of: 7
...cutting off mate lookups for region 19:54,561,501-54,586,501(*) with too many mate regions of: 7
...cutting off mate lookups for region 19:54,561,501-54,586,501(*) with too many mate regions of: 7
...cutting off mate lookups for region 19:54,610,501-54,635,501(*) with too many mate regions of: 8
...cutting off mate lookups for region 19:54,610,501-54,635,501(*) with too many mate regions of: 10
...cutting off mate lookups for region 19:54,586,001-54,611,001(*) with too many mate regions of: 8
...cutting off mate lookups for region 19:54,733,001-54,758,001(*) with too many mate regions of: 13
...cutting off mate lookups for region 19:54,782,001-54,807,001(*) with too many mate regions of: 11
...cutting off mate lookups for region 19:54,757,501-54,782,501(*) with too many mate regions of: 12
...cutting off mate lookups for region 19:54,806,501-54,831,501(*) with too many mate regions of: 8
...cutting off mate lookups for region 19:54,831,001-54,856,001(*) with too many mate regions of: 17
...cutting off mate lookups for region 19:54,855,501-54,880,501(*) with too many mate regions of: 8
...processing 111,000 of 126,656 for thread  7 for region 20:6,272,001-6,297,001(*)

...processing 112,000 of 126,656 for thread  5 for region 20:30,772,001-30,797,001(*)
...processing 113,000 of 126,656 for thread  1 for region 20:55,272,001-55,297,001(*)

...processing 114,000 of 126,656 for thread  4 for region 21:15,312,501-15,337,501(*)

...processing 115,000 of 126,656 for thread  5 for region 21:39,812,501-39,837,501(*)
...processing 116,000 of 126,656 for thread  1 for region 22:17,591,001-17,616,001(*)

...processing 117,000 of 126,656 for thread  1 for region 22:42,091,001-42,116,001(*)

...processing 118,000 of 126,656 for thread  4 for region X:15,753,501-15,778,501(*)

...processing 119,000 of 126,656 for thread  5 for region X:40,253,501-40,278,501(*)

...processing 120,000 of 126,656 for thread  5 for region X:64,753,501-64,778,501(*)

...processing 121,000 of 126,656 for thread  1 for region X:89,253,501-89,278,501(*)

...processing 122,000 of 126,656 for thread  5 for region X:113,753,501-113,778,501(*)

...processing 123,000 of 126,656 for thread  2 for region X:138,253,501-138,278,501(*)
...processing 124,000 of 126,656 for thread  7 for region Y:6,713,001-6,738,001(*)
...processing 125,000 of 126,656 for thread  1 for region Y:31,213,001-31,238,001(*)
...processing 126,000 of 126,656 for thread  4 for region Y:55,713,001-55,738,001(*)
...loading the bps file am.bps.txt.gz for conversion to VCF
...making the primary VCFs (unfiltered and filtered) from file am.bps.txt.gz
...writing unfiltered VCFs
...writing filtered VCFs
